c:\xe_sdk_2022\obj\vc143.pdb
c:\xe_sdk_2022\obj\eapplication.obj
c:\xe_sdk_2022\bin\engine.lib
c:\xe_sdk_2022\bin\engine.exp
c:\xe_sdk_2022\bin\engine.dll
c:\xe_sdk_2022\obj\engine.ipdb
c:\xe_sdk_2022\bin\engine.pdb
c:\xe_sdk_2022\obj\engine.iobj
c:\xe_sdk_2022\obj\application.obj
c:\xe_sdk_2022\obj\main.obj
c:\xe_sdk_2022\obj\game.ipdb
c:\xe_sdk_2022\obj\game.iobj
c:\xe_sdk_2022\obj\engine.vcxproj.filelistabsolute.txt
c:\xe_sdk_2022\obj\engine.tlog\cl.command.1.tlog
c:\xe_sdk_2022\obj\engine.tlog\cl.read.1.tlog
c:\xe_sdk_2022\obj\engine.tlog\cl.write.1.tlog
c:\xe_sdk_2022\obj\engine.tlog\engine.write.1u.tlog
c:\xe_sdk_2022\obj\engine.tlog\link.command.1.tlog
c:\xe_sdk_2022\obj\engine.tlog\link.read.1.tlog
c:\xe_sdk_2022\obj\engine.tlog\link.write.1.tlog
